ARM GAS  /tmp/ccy75zaP.s 			page 1


   1              		.cpu cortex-m3
   2              		.eabi_attribute 20, 1
   3              		.eabi_attribute 21, 1
   4              		.eabi_attribute 23, 3
   5              		.eabi_attribute 24, 1
   6              		.eabi_attribute 25, 1
   7              		.eabi_attribute 26, 1
   8              		.eabi_attribute 30, 1
   9              		.eabi_attribute 34, 1
  10              		.eabi_attribute 18, 4
  11              		.file	"tim2_delay.c"
  12              		.text
  13              	.Ltext0:
  14              		.cfi_sections	.debug_frame
  15              		.section	.text.TIM2_init,"ax",%progbits
  16              		.align	1
  17              		.global	TIM2_init
  18              		.syntax unified
  19              		.thumb
  20              		.thumb_func
  21              		.fpu softvfp
  23              	TIM2_init:
  24              	.LFB56:
  25              		.file 1 "tim2_delay.c"
   1:tim2_delay.c  **** #include "stm32f10x.h"
   2:tim2_delay.c  **** #include "stm32f10x_gpio.h"
   3:tim2_delay.c  **** #include "stm32f10x_rcc.h"
   4:tim2_delay.c  **** #include "stm32f10x_tim.h"
   5:tim2_delay.c  **** #include "misc.h"
   6:tim2_delay.c  **** 
   7:tim2_delay.c  **** #include "tim2_delay.h"
   8:tim2_delay.c  **** 
   9:tim2_delay.c  **** volatile uint8_t f_timer_2_end;
  10:tim2_delay.c  **** 
  11:tim2_delay.c  **** void TIM2_init(void)
  12:tim2_delay.c  **** {
  26              		.loc 1 12 0
  27              		.cfi_startproc
  28              		@ args = 0, pretend = 0, frame = 16
  29              		@ frame_needed = 0, uses_anonymous_args = 0
  30 0000 30B5     		push	{r4, r5, lr}
  31              	.LCFI0:
  32              		.cfi_def_cfa_offset 12
  33              		.cfi_offset 4, -12
  34              		.cfi_offset 5, -8
  35              		.cfi_offset 14, -4
  36 0002 85B0     		sub	sp, sp, #20
  37              	.LCFI1:
  38              		.cfi_def_cfa_offset 32
  13:tim2_delay.c  **** 	TIM_TimeBaseInitTypeDef TIMER_InitStructure;
  14:tim2_delay.c  **** 	NVIC_InitTypeDef  NVIC_InitStructure;
  15:tim2_delay.c  **** 
  16:tim2_delay.c  **** 	RCC_APB1PeriphClockCmd(RCC_APB1Periph_TIM2, ENABLE);
  39              		.loc 1 16 0
  40 0004 0121     		movs	r1, #1
  41 0006 0846     		mov	r0, r1
  42 0008 FFF7FEFF 		bl	RCC_APB1PeriphClockCmd
ARM GAS  /tmp/ccy75zaP.s 			page 2


  43              	.LVL0:
  17:tim2_delay.c  **** 	TIM_TimeBaseStructInit(&TIMER_InitStructure);
  44              		.loc 1 17 0
  45 000c 01A8     		add	r0, sp, #4
  46 000e FFF7FEFF 		bl	TIM_TimeBaseStructInit
  47              	.LVL1:
  18:tim2_delay.c  **** 
  19:tim2_delay.c  **** 	TIMER_InitStructure.TIM_CounterMode = TIM_CounterMode_Up;
  48              		.loc 1 19 0
  49 0012 0023     		movs	r3, #0
  50 0014 ADF80630 		strh	r3, [sp, #6]	@ movhi
  20:tim2_delay.c  **** 	TIMER_InitStructure.TIM_Prescaler = 8;
  51              		.loc 1 20 0
  52 0018 0825     		movs	r5, #8
  53 001a ADF80450 		strh	r5, [sp, #4]	@ movhi
  21:tim2_delay.c  **** 	TIMER_InitStructure.TIM_Period = 1;
  54              		.loc 1 21 0
  55 001e 0124     		movs	r4, #1
  56 0020 ADF80840 		strh	r4, [sp, #8]	@ movhi
  22:tim2_delay.c  **** 	TIM_TimeBaseInit(TIM2, &TIMER_InitStructure);
  57              		.loc 1 22 0
  58 0024 01A9     		add	r1, sp, #4
  59 0026 4FF08040 		mov	r0, #1073741824
  60 002a FFF7FEFF 		bl	TIM_TimeBaseInit
  61              	.LVL2:
  23:tim2_delay.c  **** 
  24:tim2_delay.c  **** 	NVIC_InitStructure.NVIC_IRQChannel = TIM2_IRQn;
  62              		.loc 1 24 0
  63 002e 1C23     		movs	r3, #28
  64 0030 8DF80030 		strb	r3, [sp]
  25:tim2_delay.c  **** 	NVIC_InitStructure.NVIC_IRQChannelPreemptionPriority = 1;
  65              		.loc 1 25 0
  66 0034 8DF80140 		strb	r4, [sp, #1]
  26:tim2_delay.c  **** 	NVIC_InitStructure.NVIC_IRQChannelSubPriority = 1;
  67              		.loc 1 26 0
  68 0038 8DF80240 		strb	r4, [sp, #2]
  27:tim2_delay.c  **** 	NVIC_InitStructure.NVIC_IRQChannelCmd = ENABLE;
  69              		.loc 1 27 0
  70 003c 8DF80340 		strb	r4, [sp, #3]
  28:tim2_delay.c  **** 	NVIC_Init(&NVIC_InitStructure);
  71              		.loc 1 28 0
  72 0040 6846     		mov	r0, sp
  73 0042 FFF7FEFF 		bl	NVIC_Init
  74              	.LVL3:
  29:tim2_delay.c  **** 
  30:tim2_delay.c  **** 	TIM_SelectOnePulseMode(TIM2, TIM_OPMode_Single);
  75              		.loc 1 30 0
  76 0046 2946     		mov	r1, r5
  77 0048 4FF08040 		mov	r0, #1073741824
  78 004c FFF7FEFF 		bl	TIM_SelectOnePulseMode
  79              	.LVL4:
  31:tim2_delay.c  **** }
  80              		.loc 1 31 0
  81 0050 05B0     		add	sp, sp, #20
  82              	.LCFI2:
  83              		.cfi_def_cfa_offset 12
  84              		@ sp needed
ARM GAS  /tmp/ccy75zaP.s 			page 3


  85 0052 30BD     		pop	{r4, r5, pc}
  86              		.cfi_endproc
  87              	.LFE56:
  89              		.section	.text.TIM2_IRQHandler,"ax",%progbits
  90              		.align	1
  91              		.global	TIM2_IRQHandler
  92              		.syntax unified
  93              		.thumb
  94              		.thumb_func
  95              		.fpu softvfp
  97              	TIM2_IRQHandler:
  98              	.LFB57:
  32:tim2_delay.c  **** 
  33:tim2_delay.c  **** void TIM2_IRQHandler(void)
  34:tim2_delay.c  **** {
  99              		.loc 1 34 0
 100              		.cfi_startproc
 101              		@ args = 0, pretend = 0, frame = 0
 102              		@ frame_needed = 0, uses_anonymous_args = 0
 103 0000 38B5     		push	{r3, r4, r5, lr}
 104              	.LCFI3:
 105              		.cfi_def_cfa_offset 16
 106              		.cfi_offset 3, -16
 107              		.cfi_offset 4, -12
 108              		.cfi_offset 5, -8
 109              		.cfi_offset 14, -4
  35:tim2_delay.c  ****   extern volatile uint8_t f_timer_2_end;
  36:tim2_delay.c  **** 
  37:tim2_delay.c  ****   TIM_ClearITPendingBit(TIM2, TIM_IT_Update);
 110              		.loc 1 37 0
 111 0002 0121     		movs	r1, #1
 112 0004 4FF08040 		mov	r0, #1073741824
 113 0008 FFF7FEFF 		bl	TIM_ClearITPendingBit
 114              	.LVL5:
  38:tim2_delay.c  ****   TIM2->SR &= ~TIM_SR_UIF;
 115              		.loc 1 38 0
 116 000c 4FF08044 		mov	r4, #1073741824
 117 0010 238A     		ldrh	r3, [r4, #16]
 118 0012 9BB2     		uxth	r3, r3
 119 0014 23F00103 		bic	r3, r3, #1
 120 0018 9BB2     		uxth	r3, r3
 121 001a 2382     		strh	r3, [r4, #16]	@ movhi
  39:tim2_delay.c  ****   f_timer_2_end = 1;
 122              		.loc 1 39 0
 123 001c 0125     		movs	r5, #1
 124 001e 064B     		ldr	r3, .L5
 125 0020 1D70     		strb	r5, [r3]
  40:tim2_delay.c  **** 
  41:tim2_delay.c  ****   TIM_Cmd(TIM2, DISABLE);
 126              		.loc 1 41 0
 127 0022 0021     		movs	r1, #0
 128 0024 2046     		mov	r0, r4
 129 0026 FFF7FEFF 		bl	TIM_Cmd
 130              	.LVL6:
  42:tim2_delay.c  ****   TIM_ITConfig(TIM2, TIM_IT_Update, DISABLE);
 131              		.loc 1 42 0
 132 002a 0022     		movs	r2, #0
ARM GAS  /tmp/ccy75zaP.s 			page 4


 133 002c 2946     		mov	r1, r5
 134 002e 2046     		mov	r0, r4
 135 0030 FFF7FEFF 		bl	TIM_ITConfig
 136              	.LVL7:
 137 0034 38BD     		pop	{r3, r4, r5, pc}
 138              	.L6:
 139 0036 00BF     		.align	2
 140              	.L5:
 141 0038 00000000 		.word	f_timer_2_end
 142              		.cfi_endproc
 143              	.LFE57:
 145              		.section	.text.delay_us,"ax",%progbits
 146              		.align	1
 147              		.global	delay_us
 148              		.syntax unified
 149              		.thumb
 150              		.thumb_func
 151              		.fpu softvfp
 153              	delay_us:
 154              	.LFB58:
  43:tim2_delay.c  **** }
  44:tim2_delay.c  **** 
  45:tim2_delay.c  **** void delay_us(uint32_t n_usec)
  46:tim2_delay.c  **** {
 155              		.loc 1 46 0
 156              		.cfi_startproc
 157              		@ args = 0, pretend = 0, frame = 0
 158              		@ frame_needed = 0, uses_anonymous_args = 0
 159              	.LVL8:
 160 0000 10B5     		push	{r4, lr}
 161              	.LCFI4:
 162              		.cfi_def_cfa_offset 8
 163              		.cfi_offset 4, -8
 164              		.cfi_offset 14, -4
  47:tim2_delay.c  ****   f_timer_2_end = 0;
 165              		.loc 1 47 0
 166 0002 0023     		movs	r3, #0
 167 0004 104A     		ldr	r2, .L10
 168 0006 1370     		strb	r3, [r2]
  48:tim2_delay.c  **** 
  49:tim2_delay.c  ****   TIM2->PSC = 0;
 169              		.loc 1 49 0
 170 0008 4FF08044 		mov	r4, #1073741824
 171 000c 2385     		strh	r3, [r4, #40]	@ movhi
  50:tim2_delay.c  ****   TIM2->ARR = (uint16_t)(16 * n_usec);
 172              		.loc 1 50 0
 173 000e 0001     		lsls	r0, r0, #4
 174              	.LVL9:
 175 0010 80B2     		uxth	r0, r0
 176 0012 A085     		strh	r0, [r4, #44]	@ movhi
  51:tim2_delay.c  ****   //TIM_Cmd(TIM6, ENABLE);
  52:tim2_delay.c  **** 
  53:tim2_delay.c  ****   TIM2->EGR |= TIM_EGR_UG;
 177              		.loc 1 53 0
 178 0014 A38A     		ldrh	r3, [r4, #20]
 179 0016 9BB2     		uxth	r3, r3
 180 0018 43F00103 		orr	r3, r3, #1
ARM GAS  /tmp/ccy75zaP.s 			page 5


 181 001c A382     		strh	r3, [r4, #20]	@ movhi
  54:tim2_delay.c  ****   TIM2->SR &= ~TIM_SR_UIF;
 182              		.loc 1 54 0
 183 001e 238A     		ldrh	r3, [r4, #16]
 184 0020 9BB2     		uxth	r3, r3
 185 0022 23F00103 		bic	r3, r3, #1
 186 0026 9BB2     		uxth	r3, r3
 187 0028 2382     		strh	r3, [r4, #16]	@ movhi
  55:tim2_delay.c  **** 
  56:tim2_delay.c  ****   TIM_ITConfig(TIM2, TIM_IT_Update, ENABLE);
 188              		.loc 1 56 0
 189 002a 0122     		movs	r2, #1
 190 002c 1146     		mov	r1, r2
 191 002e 2046     		mov	r0, r4
 192 0030 FFF7FEFF 		bl	TIM_ITConfig
 193              	.LVL10:
  57:tim2_delay.c  ****   TIM_Cmd(TIM2, ENABLE);
 194              		.loc 1 57 0
 195 0034 0121     		movs	r1, #1
 196 0036 2046     		mov	r0, r4
 197 0038 FFF7FEFF 		bl	TIM_Cmd
 198              	.LVL11:
 199              	.L8:
  58:tim2_delay.c  **** 
  59:tim2_delay.c  ****   while(f_timer_2_end == 0);
 200              		.loc 1 59 0 discriminator 1
 201 003c 024B     		ldr	r3, .L10
 202 003e 1B78     		ldrb	r3, [r3]	@ zero_extendqisi2
 203 0040 002B     		cmp	r3, #0
 204 0042 FBD0     		beq	.L8
  60:tim2_delay.c  **** }
 205              		.loc 1 60 0
 206 0044 10BD     		pop	{r4, pc}
 207              	.L11:
 208 0046 00BF     		.align	2
 209              	.L10:
 210 0048 00000000 		.word	f_timer_2_end
 211              		.cfi_endproc
 212              	.LFE58:
 214              		.section	.text.delay_ms,"ax",%progbits
 215              		.align	1
 216              		.global	delay_ms
 217              		.syntax unified
 218              		.thumb
 219              		.thumb_func
 220              		.fpu softvfp
 222              	delay_ms:
 223              	.LFB59:
  61:tim2_delay.c  **** 
  62:tim2_delay.c  **** 
  63:tim2_delay.c  **** void delay_ms(uint32_t n_msec)
  64:tim2_delay.c  **** {
 224              		.loc 1 64 0
 225              		.cfi_startproc
 226              		@ args = 0, pretend = 0, frame = 0
 227              		@ frame_needed = 0, uses_anonymous_args = 0
 228              	.LVL12:
ARM GAS  /tmp/ccy75zaP.s 			page 6


 229 0000 10B5     		push	{r4, lr}
 230              	.LCFI5:
 231              		.cfi_def_cfa_offset 8
 232              		.cfi_offset 4, -8
 233              		.cfi_offset 14, -4
  65:tim2_delay.c  ****   f_timer_2_end = 0;
 234              		.loc 1 65 0
 235 0002 0022     		movs	r2, #0
 236 0004 114B     		ldr	r3, .L15
 237 0006 1A70     		strb	r2, [r3]
  66:tim2_delay.c  **** 
  67:tim2_delay.c  ****   TIM2->PSC = 1000 - 1;
 238              		.loc 1 67 0
 239 0008 4FF08044 		mov	r4, #1073741824
 240 000c 40F2E733 		movw	r3, #999
 241 0010 2385     		strh	r3, [r4, #40]	@ movhi
  68:tim2_delay.c  ****   TIM2->ARR = (uint16_t)(16 * n_msec);
 242              		.loc 1 68 0
 243 0012 0001     		lsls	r0, r0, #4
 244              	.LVL13:
 245 0014 80B2     		uxth	r0, r0
 246 0016 A085     		strh	r0, [r4, #44]	@ movhi
  69:tim2_delay.c  **** 
  70:tim2_delay.c  ****   TIM2->EGR |= TIM_EGR_UG;
 247              		.loc 1 70 0
 248 0018 A38A     		ldrh	r3, [r4, #20]
 249 001a 9BB2     		uxth	r3, r3
 250 001c 43F00103 		orr	r3, r3, #1
 251 0020 A382     		strh	r3, [r4, #20]	@ movhi
  71:tim2_delay.c  ****   TIM2->SR &= ~TIM_SR_UIF;
 252              		.loc 1 71 0
 253 0022 238A     		ldrh	r3, [r4, #16]
 254 0024 9BB2     		uxth	r3, r3
 255 0026 23F00103 		bic	r3, r3, #1
 256 002a 9BB2     		uxth	r3, r3
 257 002c 2382     		strh	r3, [r4, #16]	@ movhi
  72:tim2_delay.c  **** 
  73:tim2_delay.c  ****   TIM_ITConfig(TIM2, TIM_IT_Update, ENABLE);
 258              		.loc 1 73 0
 259 002e 0122     		movs	r2, #1
 260 0030 1146     		mov	r1, r2
 261 0032 2046     		mov	r0, r4
 262 0034 FFF7FEFF 		bl	TIM_ITConfig
 263              	.LVL14:
  74:tim2_delay.c  ****   TIM_Cmd(TIM2, ENABLE);
 264              		.loc 1 74 0
 265 0038 0121     		movs	r1, #1
 266 003a 2046     		mov	r0, r4
 267 003c FFF7FEFF 		bl	TIM_Cmd
 268              	.LVL15:
 269              	.L13:
  75:tim2_delay.c  **** 
  76:tim2_delay.c  ****   while(f_timer_2_end == 0);
 270              		.loc 1 76 0 discriminator 1
 271 0040 024B     		ldr	r3, .L15
 272 0042 1B78     		ldrb	r3, [r3]	@ zero_extendqisi2
 273 0044 002B     		cmp	r3, #0
ARM GAS  /tmp/ccy75zaP.s 			page 7


 274 0046 FBD0     		beq	.L13
  77:tim2_delay.c  **** }
 275              		.loc 1 77 0
 276 0048 10BD     		pop	{r4, pc}
 277              	.L16:
 278 004a 00BF     		.align	2
 279              	.L15:
 280 004c 00000000 		.word	f_timer_2_end
 281              		.cfi_endproc
 282              	.LFE59:
 284              		.comm	f_timer_2_end,1,1
 285              		.text
 286              	.Letext0:
 287              		.file 2 "/usr/include/newlib/machine/_default_types.h"
 288              		.file 3 "/usr/include/newlib/sys/_stdint.h"
 289              		.file 4 "cmsis/core_cm3.h"
 290              		.file 5 "cmsis_boot/system_stm32f10x.h"
 291              		.file 6 "stm_lib/inc/stm32f10x.h"
 292              		.file 7 "stm_lib/inc/stm32f10x_tim.h"
 293              		.file 8 "stm_lib/inc/misc.h"
 294              		.file 9 "stm_lib/inc/stm32f10x_rcc.h"
ARM GAS  /tmp/ccy75zaP.s 			page 8


DEFINED SYMBOLS
                            *ABS*:0000000000000000 tim2_delay.c
     /tmp/ccy75zaP.s:16     .text.TIM2_init:0000000000000000 $t
     /tmp/ccy75zaP.s:23     .text.TIM2_init:0000000000000000 TIM2_init
     /tmp/ccy75zaP.s:90     .text.TIM2_IRQHandler:0000000000000000 $t
     /tmp/ccy75zaP.s:97     .text.TIM2_IRQHandler:0000000000000000 TIM2_IRQHandler
     /tmp/ccy75zaP.s:141    .text.TIM2_IRQHandler:0000000000000038 $d
                            *COM*:0000000000000001 f_timer_2_end
     /tmp/ccy75zaP.s:146    .text.delay_us:0000000000000000 $t
     /tmp/ccy75zaP.s:153    .text.delay_us:0000000000000000 delay_us
     /tmp/ccy75zaP.s:210    .text.delay_us:0000000000000048 $d
     /tmp/ccy75zaP.s:215    .text.delay_ms:0000000000000000 $t
     /tmp/ccy75zaP.s:222    .text.delay_ms:0000000000000000 delay_ms
     /tmp/ccy75zaP.s:280    .text.delay_ms:000000000000004c $d
                     .debug_frame:0000000000000010 $d

UNDEFINED SYMBOLS
RCC_APB1PeriphClockCmd
TIM_TimeBaseStructInit
TIM_TimeBaseInit
NVIC_Init
TIM_SelectOnePulseMode
TIM_ClearITPendingBit
TIM_Cmd
TIM_ITConfig
